<?xml version="1.0" encoding="UTF-8"?>
<!-- Generated by org.testng.reporters.JUnitReportReporter -->
<testsuite hostname="Hetuls-Air" failures="0" tests="1" name="mvnpack.Demo" time="17.221" errors="0" timestamp="2023-02-06T16:19:03 EST" skipped="0">
  <testcase classname="mvnpack.Demo" name="display" time="17.221"/>
  <system-out/>
</testsuite> <!-- mvnpack.Demo -->
