<?xml version="1.0" encoding="UTF-8"?>
<!-- Generated by org.testng.reporters.JUnitReportReporter -->
<testsuite hostname="Hetuls-Air" failures="0" tests="2" name="org.tutorialninja.test.LoginTest" time="15.571" errors="0" timestamp="2023-02-16T15:00:59 EST" skipped="0">
  <testcase classname="org.tutorialninja.test.LoginTest" name="loginFunctionalityWithValidCredential" time="8.416"/>
  <system-out/>
  <testcase classname="org.tutorialninja.test.LoginTest" name="loginFunctionalityWithInalidCredential" time="7.155"/>
  <system-out/>
</testsuite> <!-- org.tutorialninja.test.LoginTest -->
