<?xml version="1.0" encoding="UTF-8"?>
<!-- Generated by org.testng.reporters.JUnitReportReporter -->
<testsuite hostname="Hetuls-Air" failures="0" tests="2" name="org.tutorialninja.test.LoginTest" time="19.870" errors="0" timestamp="2023-02-16T16:58:33 EST" skipped="0">
  <testcase classname="org.tutorialninja.test.LoginTest" name="loginFunctionalityWithValidCredential" time="13.490"/>
  <system-out/>
  <testcase classname="org.tutorialninja.test.LoginTest" name="loginFunctionalityWithInalidCredential" time="6.380"/>
  <system-out/>
</testsuite> <!-- org.tutorialninja.test.LoginTest -->
